<?xml version="1.0" encoding="UTF-8"?>
<testng-results ignored="0" total="1" passed="1" failed="0" skipped="0">
  <reporter-output>
  </reporter-output>
  <suite started-at="2023-12-19T23:21:54 IST" name="Default suite" finished-at="2023-12-19T23:21:54 IST" duration-ms="69">
    <groups>
    </groups>
    <test started-at="2023-12-19T23:21:54 IST" name="Default test" finished-at="2023-12-19T23:21:54 IST" duration-ms="69">
      <class name="courseEndProject.Log4jDemo">
        <test-method signature="method1()[pri:0, instance:courseEndProject.Log4jDemo@a22cb6a]" started-at="2023-12-19T23:21:54 IST" name="method1" finished-at="2023-12-19T23:21:54 IST" duration-ms="15" status="PASS">
          <reporter-output>
          </reporter-output>
        </test-method> <!-- method1 -->
      </class> <!-- courseEndProject.Log4jDemo -->
    </test> <!-- Default test -->
  </suite> <!-- Default suite -->
</testng-results>
